<?xml version="1.0" encoding="UTF-8"?>
<!-- Generated by org.testng.reporters.JUnitXMLReporter -->
<testsuite ignored="0" hostname="ATMECSINLT-1223" failures="5" tests="5" name="SauceDemoTest" time="0.052" errors="0" timestamp="2023-07-26T14:25:13 IST">
  <testcase classname="com.atmecs.assessment.scripts.SwagLabsMenuTest" name="testMenuItems" time="0.007">
    <failure type="java.lang.ExceptionInInitializerError">
      <![CDATA[java.lang.ExceptionInInitializerError
at com.atmecs.assessment.scripts.SwagLabsMenuTest.testMenuItems(SwagLabsMenuTest.java:18)
at java.base/java.util.ArrayList.forEach(ArrayList.java:1511)
Caused by: java.lang.NullPointerException: Cannot load from object array because "com.atmecs.assessment.utils.ExcelDataProvider.testData" is null
at com.atmecs.assessment.utils.ExcelDataProvider.<clinit>(ExcelDataProvider.java:9)
... 30 more
... Removed 28 stack frames]]>
    </failure>
  </testcase> <!-- testMenuItems -->
  <testcase classname="com.atmecs.assessment.scripts.SocialMediaButtonsTest" name="testSocialMediaButtons" time="0.001">
    <failure type="java.lang.NoClassDefFoundError" message="Could not initialize class com.atmecs.assessment.utils.ExcelDataProvider">
      <![CDATA[java.lang.NoClassDefFoundError: Could not initialize class com.atmecs.assessment.utils.ExcelDataProvider
at com.atmecs.assessment.scripts.SocialMediaButtonsTest.testSocialMediaButtons(SocialMediaButtonsTest.java:25)
at java.base/java.util.ArrayList.forEach(ArrayList.java:1511)
... Removed 28 stack frames]]>
    </failure>
  </testcase> <!-- testSocialMediaButtons -->
  <testcase classname="com.atmecs.assessment.scripts.SwagLabsFiltersTest" name="testSwagLabsFilters" time="0.0">
    <failure type="java.lang.NoClassDefFoundError" message="Could not initialize class com.atmecs.assessment.utils.ExcelDataProvider">
      <![CDATA[java.lang.NoClassDefFoundError: Could not initialize class com.atmecs.assessment.utils.ExcelDataProvider
at com.atmecs.assessment.scripts.SwagLabsFiltersTest.testSwagLabsFilters(SwagLabsFiltersTest.java:18)
at java.base/java.util.ArrayList.forEach(ArrayList.java:1511)
... Removed 28 stack frames]]>
    </failure>
  </testcase> <!-- testSwagLabsFilters -->
  <testcase classname="com.atmecs.assessment.scripts.ProductOrderTest" name="testProductOrderFunctionality" time="0.001">
    <failure type="java.lang.NoClassDefFoundError" message="Could not initialize class com.atmecs.assessment.utils.ExcelDataProvider">
      <![CDATA[java.lang.NoClassDefFoundError: Could not initialize class com.atmecs.assessment.utils.ExcelDataProvider
at com.atmecs.assessment.scripts.ProductOrderTest.testProductOrderFunctionality(ProductOrderTest.java:25)
at java.base/java.util.ArrayList.forEach(ArrayList.java:1511)
... Removed 28 stack frames]]>
    </failure>
  </testcase> <!-- testProductOrderFunctionality -->
  <testcase classname="com.atmecs.assessment.scripts.ProductDetailsTest" name="testProductDetails" time="0.001">
    <failure type="java.lang.NoClassDefFoundError" message="Could not initialize class com.atmecs.assessment.utils.ExcelDataProvider">
      <![CDATA[java.lang.NoClassDefFoundError: Could not initialize class com.atmecs.assessment.utils.ExcelDataProvider
at com.atmecs.assessment.scripts.ProductDetailsTest.testProductDetails(ProductDetailsTest.java:25)
at java.base/java.util.ArrayList.forEach(ArrayList.java:1511)
... Removed 28 stack frames]]>
    </failure>
  </testcase> <!-- testProductDetails -->
</testsuite> <!-- SauceDemoTest -->
