<?xml version="1.0" encoding="UTF-8"?>
<!-- Generated by org.testng.reporters.JUnitXMLReporter -->
<testsuite ignored="0" hostname="ATMECSINLT-1223" failures="0" tests="3" name="MenuItemsTest" time="25.036" errors="0" timestamp="2023-06-29T11:29:52 IST">
  <testcase classname="com.atmecs.assessment.MenuItemsTest" name="loginSwagLabsChrome" time="5.473"/>
  <testcase classname="com.atmecs.assessment.MenuItemsTest" name="loginSwagLabsEdge" time="10.652"/>
  <testcase classname="com.atmecs.assessment.MenuItemsTest" name="verifyMenuButtons" time="8.288"/>
</testsuite> <!-- MenuItemsTest -->
