<?xml version="1.0" encoding="UTF-8"?>
<testng-results ignored="0" total="1" passed="0" failed="1" skipped="0">
  <reporter-output>
    <line>
      <![CDATA[Opening browser with provided url...]]>
    </line>
  </reporter-output>
  <suite started-at="2023-07-26T14:32:23 IST" name="Default suite" finished-at="2023-07-26T14:32:23 IST" duration-ms="40">
    <groups>
    </groups>
    <test started-at="2023-07-26T14:32:23 IST" name="Default test" finished-at="2023-07-26T14:32:23 IST" duration-ms="40">
      <class name="com.atmecs.assessment.scripts.ProductDetailsTest">
        <test-method is-config="true" signature="beforeClass()[pri:0, instance:com.atmecs.assessment.scripts.ProductDetailsTest@4c1909a3]" started-at="2023-07-26T14:32:23 IST" name="beforeClass" finished-at="2023-07-26T14:32:23 IST" duration-ms="6" status="PASS">
          <reporter-output>
          </reporter-output>
        </test-method> <!-- beforeClass -->
        <test-method signature="testProductDetails()[pri:0, instance:com.atmecs.assessment.scripts.ProductDetailsTest@4c1909a3]" started-at="2023-07-26T14:32:23 IST" name="testProductDetails" finished-at="2023-07-26T14:32:23 IST" duration-ms="5" status="FAIL">
          <exception class="java.lang.ExceptionInInitializerError">
            <full-stacktrace>
              <![CDATA[java.lang.ExceptionInInitializerError
at com.atmecs.assessment.scripts.ProductDetailsTest.testProductDetails(ProductDetailsTest.java:25)
at java.base/jdk.internal.reflect.NativeMethodAccessorImpl.invoke0(Native Method)
at java.base/jdk.internal.reflect.NativeMethodAccessorImpl.invoke(NativeMethodAccessorImpl.java:77)
at java.base/jdk.internal.reflect.DelegatingMethodAccessorImpl.invoke(DelegatingMethodAccessorImpl.java:43)
at java.base/java.lang.reflect.Method.invoke(Method.java:568)
at org.testng.internal.MethodInvocationHelper.invokeMethod(MethodInvocationHelper.java:133)
at org.testng.internal.TestInvoker.invokeMethod(TestInvoker.java:598)
at org.testng.internal.TestInvoker.invokeTestMethod(TestInvoker.java:173)
at org.testng.internal.MethodRunner.runInSequence(MethodRunner.java:46)
at org.testng.internal.TestInvoker$MethodInvocationAgent.invoke(TestInvoker.java:824)
at org.testng.internal.TestInvoker.invokeTestMethods(TestInvoker.java:146)
at org.testng.internal.TestMethodWorker.invokeTestMethods(TestMethodWorker.java:146)
at org.testng.internal.TestMethodWorker.run(TestMethodWorker.java:128)
at java.base/java.util.ArrayList.forEach(ArrayList.java:1511)
at org.testng.TestRunner.privateRun(TestRunner.java:794)
at org.testng.TestRunner.run(TestRunner.java:596)
at org.testng.SuiteRunner.runTest(SuiteRunner.java:377)
at org.testng.SuiteRunner.runSequentially(SuiteRunner.java:371)
at org.testng.SuiteRunner.privateRun(SuiteRunner.java:332)
at org.testng.SuiteRunner.run(SuiteRunner.java:276)
at org.testng.SuiteRunnerWorker.runSuite(SuiteRunnerWorker.java:53)
at org.testng.SuiteRunnerWorker.run(SuiteRunnerWorker.java:96)
at org.testng.TestNG.runSuitesSequentially(TestNG.java:1212)
at org.testng.TestNG.runSuitesLocally(TestNG.java:1134)
at org.testng.TestNG.runSuites(TestNG.java:1063)
at org.testng.TestNG.run(TestNG.java:1031)
at org.testng.remote.AbstractRemoteTestNG.run(AbstractRemoteTestNG.java:115)
at org.testng.remote.RemoteTestNG.initAndRun(RemoteTestNG.java:251)
at org.testng.remote.RemoteTestNG.main(RemoteTestNG.java:77)
Caused by: java.lang.NullPointerException: Cannot load from object array because "com.atmecs.assessment.utils.ExcelDataProvider.testData" is null
at com.atmecs.assessment.utils.ExcelDataProvider.<clinit>(ExcelDataProvider.java:9)
... 29 more
]]>
            </full-stacktrace>
          </exception> <!-- java.lang.ExceptionInInitializerError -->
          <reporter-output>
            <line>
              <![CDATA[Opening browser with provided url...]]>
            </line>
          </reporter-output>
        </test-method> <!-- testProductDetails -->
        <test-method is-config="true" signature="afterClass()[pri:0, instance:com.atmecs.assessment.scripts.ProductDetailsTest@4c1909a3]" started-at="2023-07-26T14:32:23 IST" name="afterClass" finished-at="2023-07-26T14:32:23 IST" duration-ms="1" status="PASS">
          <reporter-output>
          </reporter-output>
        </test-method> <!-- afterClass -->
      </class> <!-- com.atmecs.assessment.scripts.ProductDetailsTest -->
    </test> <!-- Default test -->
  </suite> <!-- Default suite -->
</testng-results>
